[0.378s] DEBUG:colcon:Command line arguments: ['/usr/bin/colcon', 'build', '--packages-select', 'colorMapping', '--symlink-install']
[0.378s] DEBUG:colcon:Parsed command line arguments: Namespace(log_base=None, log_level=None, verb_name='build', build_base='build', install_base='install', merge_install=False, symlink_install=True, test_result_base=None, continue_on_error=False, executor='parallel', parallel_workers=12, event_handlers=None, ignore_user_meta=False, metas=['./colcon.meta'], base_paths=['.'], packages_ignore=None, packages_ignore_regex=None, paths=None, packages_up_to=None, packages_up_to_regex=None, packages_above=None, packages_above_and_dependencies=None, packages_above_depth=None, packages_select_by_dep=None, packages_skip_by_dep=None, packages_skip_up_to=None, packages_select_build_failed=False, packages_skip_build_finished=False, packages_select_test_failures=False, packages_skip_test_passed=False, packages_select=['colorMapping'], packages_skip=None, packages_select_regex=None, packages_skip_regex=None, packages_start=None, packages_end=None, allow_overriding=[], cmake_args=None, cmake_target=None, cmake_target_skip_unavailable=False, cmake_clean_cache=False, cmake_clean_first=False, cmake_force_configure=False, ament_cmake_args=None, catkin_cmake_args=None, catkin_skip_building_tests=False, verb_parser=<colcon_defaults.argument_parser.defaults.DefaultArgumentsDecorator object at 0x7fea9a3fa020>, verb_extension=<colcon_core.verb.build.BuildVerb object at 0x7fea9a3f9ab0>, main=<bound method BuildVerb.main of <colcon_core.verb.build.BuildVerb object at 0x7fea9a3f9ab0>>)
[0.397s] Level 1:colcon.colcon_core.package_discovery:discover_packages(colcon_meta) check parameters
[0.397s] Level 1:colcon.colcon_core.package_discovery:discover_packages(recursive) check parameters
[0.397s] Level 1:colcon.colcon_core.package_discovery:discover_packages(ignore) check parameters
[0.397s] Level 1:colcon.colcon_core.package_discovery:discover_packages(path) check parameters
[0.397s] Level 1:colcon.colcon_core.package_discovery:discover_packages(colcon_meta) discover
[0.397s] Level 1:colcon.colcon_core.package_discovery:discover_packages(recursive) discover
[0.397s] INFO:colcon.colcon_core.package_discovery:Crawling recursively for packages in '/home/jonmaz/ros2_ws/src/colorMapping'
[0.397s] Level 1:colcon.colcon_core.package_identification:_identify(.) by extensions ['ignore', 'ignore_ament_install']
[0.397s] Level 1:colcon.colcon_core.package_identification:_identify(.) by extension 'ignore'
[0.397s] Level 1:colcon.colcon_core.package_identification:_identify(.) by extension 'ignore_ament_install'
[0.397s] Level 1:colcon.colcon_core.package_identification:_identify(.) by extensions ['colcon_pkg']
[0.397s] Level 1:colcon.colcon_core.package_identification:_identify(.) by extension 'colcon_pkg'
[0.398s] Level 1:colcon.colcon_core.package_identification:_identify(.) by extensions ['colcon_meta']
[0.398s] Level 1:colcon.colcon_core.package_identification:_identify(.) by extension 'colcon_meta'
[0.398s] Level 1:colcon.colcon_core.package_identification:_identify(.) by extensions ['ros']
[0.398s] Level 1:colcon.colcon_core.package_identification:_identify(.) by extension 'ros'
[0.408s] DEBUG:colcon.colcon_core.package_identification:Package '.' with type 'ros.ament_python' and name 'colorMapping'
[0.408s] Level 1:colcon.colcon_core.package_discovery:discover_packages(recursive) using defaults
[0.409s] Level 1:colcon.colcon_core.package_discovery:discover_packages(ignore) discover
[0.409s] Level 1:colcon.colcon_core.package_discovery:discover_packages(ignore) using defaults
[0.409s] Level 1:colcon.colcon_core.package_discovery:discover_packages(path) discover
[0.409s] Level 1:colcon.colcon_core.package_discovery:discover_packages(path) using defaults
[1.543s] Level 1:colcon.colcon_core.package_discovery:discover_packages(prefix_path) check parameters
[1.543s] Level 1:colcon.colcon_core.package_discovery:discover_packages(prefix_path) discover
[1.576s] DEBUG:colcon.colcon_installed_package_information.package_discovery:Found 17 installed packages in /home/jonmaz/ros2_ws/install
[1.578s] DEBUG:colcon.colcon_installed_package_information.package_discovery:Found 335 installed packages in /opt/ros/humble
[1.580s] Level 1:colcon.colcon_core.package_discovery:discover_packages(prefix_path) using defaults
[2.341s] Level 5:colcon.colcon_core.verb:set package 'colorMapping' build argument 'cmake_args' from command line to 'None'
[2.341s] Level 5:colcon.colcon_core.verb:set package 'colorMapping' build argument 'cmake_target' from command line to 'None'
[2.341s] Level 5:colcon.colcon_core.verb:set package 'colorMapping' build argument 'cmake_target_skip_unavailable' from command line to 'False'
[2.341s] Level 5:colcon.colcon_core.verb:set package 'colorMapping' build argument 'cmake_clean_cache' from command line to 'False'
[2.341s] Level 5:colcon.colcon_core.verb:set package 'colorMapping' build argument 'cmake_clean_first' from command line to 'False'
[2.341s] Level 5:colcon.colcon_core.verb:set package 'colorMapping' build argument 'cmake_force_configure' from command line to 'False'
[2.341s] Level 5:colcon.colcon_core.verb:set package 'colorMapping' build argument 'ament_cmake_args' from command line to 'None'
[2.341s] Level 5:colcon.colcon_core.verb:set package 'colorMapping' build argument 'catkin_cmake_args' from command line to 'None'
[2.341s] Level 5:colcon.colcon_core.verb:set package 'colorMapping' build argument 'catkin_skip_building_tests' from command line to 'False'
[2.341s] DEBUG:colcon.colcon_core.verb:Building package 'colorMapping' with the following arguments: {'ament_cmake_args': None, 'build_base': '/home/jonmaz/ros2_ws/src/colorMapping/build/colorMapping', 'catkin_cmake_args': None, 'catkin_skip_building_tests': False, 'cmake_args': None, 'cmake_clean_cache': False, 'cmake_clean_first': False, 'cmake_force_configure': False, 'cmake_target': None, 'cmake_target_skip_unavailable': False, 'install_base': '/home/jonmaz/ros2_ws/src/colorMapping/install/colorMapping', 'merge_install': False, 'path': '/home/jonmaz/ros2_ws/src/colorMapping', 'symlink_install': True, 'test_result_base': None}
[2.342s] INFO:colcon.colcon_core.executor:Executing jobs using 'parallel' executor
[2.344s] DEBUG:colcon.colcon_parallel_executor.executor.parallel:run_until_complete
[2.345s] INFO:colcon.colcon_ros.task.ament_python.build:Building ROS package in '/home/jonmaz/ros2_ws/src/colorMapping' with build type 'ament_python'
[2.345s] Level 1:colcon.colcon_core.shell:create_environment_hook('colorMapping', 'ament_prefix_path')
[2.367s] INFO:colcon.colcon_core.plugin_system:Skipping extension 'colcon_core.shell.bat': Not used on non-Windows systems
[2.367s] INFO:colcon.colcon_core.shell:Creating environment hook '/home/jonmaz/ros2_ws/src/colorMapping/install/colorMapping/share/colorMapping/hook/ament_prefix_path.ps1'
[2.380s] INFO:colcon.colcon_core.shell:Creating environment descriptor '/home/jonmaz/ros2_ws/src/colorMapping/install/colorMapping/share/colorMapping/hook/ament_prefix_path.dsv'
[2.382s] INFO:colcon.colcon_core.shell:Creating environment hook '/home/jonmaz/ros2_ws/src/colorMapping/install/colorMapping/share/colorMapping/hook/ament_prefix_path.sh'
[2.383s] INFO:colcon.colcon_core.shell:Skip shell extension 'powershell' for command environment: Not usable outside of PowerShell
[2.384s] DEBUG:colcon.colcon_core.shell:Skip shell extension 'dsv' for command environment
[2.655s] INFO:colcon.colcon_core.task.python.build:Building Python package in '/home/jonmaz/ros2_ws/src/colorMapping'
[2.656s] INFO:colcon.colcon_core.shell:Skip shell extension 'powershell' for command environment: Not usable outside of PowerShell
[2.656s] DEBUG:colcon.colcon_core.shell:Skip shell extension 'dsv' for command environment
[4.575s] DEBUG:colcon.colcon_core.event_handler.log_command:Invoking command in '/home/jonmaz/ros2_ws/src/colorMapping/build/colorMapping': PYTHONPATH=/home/jonmaz/ros2_ws/src/colorMapping/build/colorMapping/prefix_override:/home/jonmaz/ros2_ws/src/colorMapping/install/colorMapping/lib/python3.10/site-packages:${PYTHONPATH} /usr/bin/python3 setup.py develop --editable --build-directory /home/jonmaz/ros2_ws/src/colorMapping/build/colorMapping/build --no-deps install_data
[5.331s] Level 1:colcon.colcon_core.shell:create_environment_hook('colorMapping', 'pythonpath_develop')
[5.333s] INFO:colcon.colcon_core.shell:Creating environment hook '/home/jonmaz/ros2_ws/src/colorMapping/build/colorMapping/share/colorMapping/hook/pythonpath_develop.ps1'
[5.334s] DEBUG:colcon.colcon_core.event_handler.log_command:Invoked command in '/home/jonmaz/ros2_ws/src/colorMapping/build/colorMapping' returned '0': PYTHONPATH=/home/jonmaz/ros2_ws/src/colorMapping/build/colorMapping/prefix_override:/home/jonmaz/ros2_ws/src/colorMapping/install/colorMapping/lib/python3.10/site-packages:${PYTHONPATH} /usr/bin/python3 setup.py develop --editable --build-directory /home/jonmaz/ros2_ws/src/colorMapping/build/colorMapping/build --no-deps install_data
[5.334s] INFO:colcon.colcon_core.shell:Creating environment descriptor '/home/jonmaz/ros2_ws/src/colorMapping/build/colorMapping/share/colorMapping/hook/pythonpath_develop.dsv'
[5.335s] INFO:colcon.colcon_core.shell:Creating environment hook '/home/jonmaz/ros2_ws/src/colorMapping/build/colorMapping/share/colorMapping/hook/pythonpath_develop.sh'
[5.592s] Level 1:colcon.colcon_core.environment:checking '/home/jonmaz/ros2_ws/src/colorMapping/install/colorMapping' for CMake module files
[5.592s] Level 1:colcon.colcon_core.environment:checking '/home/jonmaz/ros2_ws/src/colorMapping/install/colorMapping' for CMake config files
[5.593s] Level 1:colcon.colcon_core.environment:checking '/home/jonmaz/ros2_ws/src/colorMapping/install/colorMapping/lib'
[5.593s] Level 1:colcon.colcon_core.environment:checking '/home/jonmaz/ros2_ws/src/colorMapping/install/colorMapping/bin'
[5.593s] Level 1:colcon.colcon_core.environment:checking '/home/jonmaz/ros2_ws/src/colorMapping/install/colorMapping/lib/pkgconfig/colorMapping.pc'
[5.593s] Level 1:colcon.colcon_core.environment:checking '/home/jonmaz/ros2_ws/src/colorMapping/install/colorMapping/lib/python3.10/site-packages'
[5.594s] Level 1:colcon.colcon_core.shell:create_environment_hook('colorMapping', 'pythonpath')
[5.595s] INFO:colcon.colcon_core.shell:Creating environment hook '/home/jonmaz/ros2_ws/src/colorMapping/install/colorMapping/share/colorMapping/hook/pythonpath.ps1'
[5.595s] INFO:colcon.colcon_core.shell:Creating environment descriptor '/home/jonmaz/ros2_ws/src/colorMapping/install/colorMapping/share/colorMapping/hook/pythonpath.dsv'
[5.595s] INFO:colcon.colcon_core.shell:Creating environment hook '/home/jonmaz/ros2_ws/src/colorMapping/install/colorMapping/share/colorMapping/hook/pythonpath.sh'
[5.596s] Level 1:colcon.colcon_core.environment:checking '/home/jonmaz/ros2_ws/src/colorMapping/install/colorMapping/bin'
[5.596s] Level 1:colcon.colcon_core.environment:create_environment_scripts_only(colorMapping)
[5.597s] INFO:colcon.colcon_core.shell:Creating package script '/home/jonmaz/ros2_ws/src/colorMapping/install/colorMapping/share/colorMapping/package.ps1'
[5.598s] INFO:colcon.colcon_core.shell:Creating package descriptor '/home/jonmaz/ros2_ws/src/colorMapping/install/colorMapping/share/colorMapping/package.dsv'
[5.599s] INFO:colcon.colcon_core.shell:Creating package script '/home/jonmaz/ros2_ws/src/colorMapping/install/colorMapping/share/colorMapping/package.sh'
[5.600s] INFO:colcon.colcon_core.shell:Creating package script '/home/jonmaz/ros2_ws/src/colorMapping/install/colorMapping/share/colorMapping/package.bash'
[5.720s] INFO:colcon.colcon_core.shell:Creating package script '/home/jonmaz/ros2_ws/src/colorMapping/install/colorMapping/share/colorMapping/package.zsh'
[5.721s] Level 1:colcon.colcon_core.environment:create_file_with_runtime_dependencies(/home/jonmaz/ros2_ws/src/colorMapping/install/colorMapping/share/colcon-core/packages/colorMapping)
[5.722s] DEBUG:colcon.colcon_parallel_executor.executor.parallel:closing loop
[5.722s] DEBUG:colcon.colcon_parallel_executor.executor.parallel:loop closed
[5.722s] DEBUG:colcon.colcon_parallel_executor.executor.parallel:run_until_complete finished with '0'
[5.722s] DEBUG:colcon.colcon_core.event_reactor:joining thread
[5.729s] INFO:colcon.colcon_core.plugin_system:Skipping extension 'colcon_notification.desktop_notification.terminal_notifier': Not used on non-Darwin systems
[5.729s] INFO:colcon.colcon_core.plugin_system:Skipping extension 'colcon_notification.desktop_notification.win32': Not used on non-Windows systems
[5.729s] INFO:colcon.colcon_notification.desktop_notification:Sending desktop notification using 'notify2'
[5.743s] DEBUG:colcon.colcon_core.event_reactor:joined thread
[5.744s] INFO:colcon.colcon_core.shell:Creating prefix script '/home/jonmaz/ros2_ws/src/colorMapping/install/local_setup.ps1'
[5.746s] INFO:colcon.colcon_core.shell:Creating prefix util module '/home/jonmaz/ros2_ws/src/colorMapping/install/_local_setup_util_ps1.py'
[5.755s] INFO:colcon.colcon_core.shell:Creating prefix chain script '/home/jonmaz/ros2_ws/src/colorMapping/install/setup.ps1'
[5.767s] INFO:colcon.colcon_core.shell:Creating prefix script '/home/jonmaz/ros2_ws/src/colorMapping/install/local_setup.sh'
[5.768s] INFO:colcon.colcon_core.shell:Creating prefix util module '/home/jonmaz/ros2_ws/src/colorMapping/install/_local_setup_util_sh.py'
[5.769s] INFO:colcon.colcon_core.shell:Creating prefix chain script '/home/jonmaz/ros2_ws/src/colorMapping/install/setup.sh'
[5.772s] INFO:colcon.colcon_core.shell:Creating prefix script '/home/jonmaz/ros2_ws/src/colorMapping/install/local_setup.bash'
[5.784s] INFO:colcon.colcon_core.shell:Creating prefix chain script '/home/jonmaz/ros2_ws/src/colorMapping/install/setup.bash'
[5.787s] INFO:colcon.colcon_core.shell:Creating prefix script '/home/jonmaz/ros2_ws/src/colorMapping/install/local_setup.zsh'
[5.787s] INFO:colcon.colcon_core.shell:Creating prefix chain script '/home/jonmaz/ros2_ws/src/colorMapping/install/setup.zsh'
